1494438011830	geckodriver	INFO	Listening on 127.0.0.1:56801
1494438012898	geckodriver::marionette	INFO	Starting browser /usr/lib/firefox/firefox.sh with args ["-marionette"]
1494438017205	Marionette	INFO	Listening on port 45435
1494438017336	Marionette	WARN	TLS certificate errors will be ignored for this session
1494438164410	geckodriver	INFO	Listening on 127.0.0.1:53241
1494438165478	geckodriver::marionette	INFO	Starting browser /usr/lib/firefox/firefox.sh with args ["-marionette"]
1494438169855	Marionette	INFO	Listening on port 41917
1494438169904	Marionette	WARN	TLS certificate errors will be ignored for this session
1494439367612	geckodriver	INFO	Listening on 127.0.0.1:44595
1494439368680	geckodriver::marionette	INFO	Starting browser /usr/lib/firefox/firefox.sh with args ["-marionette"]
1494439373106	Marionette	INFO	Listening on port 45813
1494439373230	Marionette	WARN	TLS certificate errors will be ignored for this session
1494439373517	Marionette	INFO	New connections will no longer be accepted
[Child 19420] WARNING: pipe error (18): Connection reset by peer: file /build/firefox-4Fdt0Z/firefox-53.0+build6/ipc/chromium/src/chrome/common/ipc_channel_posix.cc, line 346
[Child 19420] WARNING: pipe error (3): Connection reset by peer: file /build/firefox-4Fdt0Z/firefox-53.0+build6/ipc/chromium/src/chrome/common/ipc_channel_posix.cc, line 346
1494439428092	geckodriver	INFO	Listening on 127.0.0.1:55695
1494439429160	geckodriver::marionette	INFO	Starting browser /usr/lib/firefox/firefox.sh with args ["-marionette"]
1494439433497	Marionette	INFO	Listening on port 41953
1494439433632	Marionette	WARN	TLS certificate errors will be ignored for this session
1494439434102	Marionette	INFO	New connections will no longer be accepted
[Child 19538] WARNING: pipe error (3): Connection reset by peer: file /build/firefox-4Fdt0Z/firefox-53.0+build6/ipc/chromium/src/chrome/common/ipc_channel_posix.cc, line 346
1494439480208	geckodriver	INFO	Listening on 127.0.0.1:39143
1494439481276	geckodriver::marionette	INFO	Starting browser /usr/lib/firefox/firefox.sh with args ["-marionette"]
1494439485518	Marionette	INFO	Listening on port 39025
1494439485609	Marionette	WARN	TLS certificate errors will be ignored for this session
1494439486066	Marionette	INFO	New connections will no longer be accepted
[Child 19662] WARNING: pipe error (3): Connection reset by peer: file /build/firefox-4Fdt0Z/firefox-53.0+build6/ipc/chromium/src/chrome/common/ipc_channel_posix.cc, line 346
1494449219158	geckodriver	INFO	Listening on 127.0.0.1:50355
1494449220226	geckodriver::marionette	INFO	Starting browser /usr/lib/firefox/firefox.sh with args ["-marionette"]
1494449224390	Marionette	INFO	Listening on port 39671
1494449224532	Marionette	WARN	TLS certificate errors will be ignored for this session
1494449334701	geckodriver	INFO	Listening on 127.0.0.1:45829
1494449335769	geckodriver::marionette	INFO	Starting browser /usr/lib/firefox/firefox.sh with args ["-marionette"]
1494449340040	Marionette	INFO	Listening on port 44391
1494449340126	Marionette	WARN	TLS certificate errors will be ignored for this session
1494449477144	geckodriver	INFO	Listening on 127.0.0.1:59913
1494449478211	geckodriver::marionette	INFO	Starting browser /usr/lib/firefox/firefox.sh with args ["-marionette"]
1494449482336	Marionette	INFO	Listening on port 34677
1494449482476	Marionette	WARN	TLS certificate errors will be ignored for this session
1494449482866	Marionette	INFO	New connections will no longer be accepted
1494455032227	geckodriver	INFO	Listening on 127.0.0.1:42033
1494455033296	geckodriver::marionette	INFO	Starting browser /usr/lib/firefox/firefox.sh with args ["-marionette"]
1494455037359	Marionette	INFO	Listening on port 37007
1494455037487	Marionette	WARN	TLS certificate errors will be ignored for this session
1494455041107	Marionette	INFO	New connections will no longer be accepted
[Child 22214] WARNING: pipe error (3): Connection reset by peer: file /build/firefox-4Fdt0Z/firefox-53.0+build6/ipc/chromium/src/chrome/common/ipc_channel_posix.cc, line 346
